<?xml version="1.0" encoding="UTF-8"?>
<!-- Generated by org.testng.reporters.JUnitXMLReporter -->
<testsuite ignored="1" hostname="Hitha" failures="0" tests="7" name="Test" time="44.179" errors="0" timestamp="2024-01-12T11:22:21 IST">
  <testcase classname="__TEstNg.Testcase1" name="tc1" time="22.229"/>
  <testcase classname="__TEstNg.Testcase1" name="tc2" time="3.261"/>
  <testcase classname="__TEstNg.Test0" name="tsp" time="0.004"/>
  <testcase classname="__TEstNg.Test1" name="chats" time="0.002"/>
  <testcase classname="__TEstNg.Test1" name="calls" time="0.002"/>
  <testcase classname="__TEstNg.Test1" name="calls" time="0.002"/>
  <testcase classname="__TEstNg.Test1" name="calls" time="0.003"/>
  <testcase classname="__TEstNg.Test1" name="settings" time="0.0">
    <ignored/>
  </testcase> <!-- settings -->
</testsuite> <!-- Test -->
