<?xml version="1.0" encoding="UTF-8"?>
<testng-results ignored="0" total="1" passed="1" failed="0" skipped="0">
  <reporter-output>
  </reporter-output>
  <suite started-at="2024-02-16T07:19:39 IST" name="Default suite" finished-at="2024-02-16T07:21:54 IST" duration-ms="134840">
    <groups>
    </groups>
    <test started-at="2024-02-16T07:19:39 IST" name="Default test" finished-at="2024-02-16T07:21:54 IST" duration-ms="134840">
      <class name="_Scripts.Testcase1">
        <test-method is-config="true" signature="openapp()[pri:0, instance:_Scripts.Testcase1@5e2c3d18]" started-at="2024-02-16T07:19:39 IST" name="openapp" finished-at="2024-02-16T07:21:04 IST" duration-ms="84554" status="PASS">
          <reporter-output>
          </reporter-output>
        </test-method> <!-- openapp -->
        <test-method signature="tc1()[pri:0, instance:_Scripts.Testcase1@5e2c3d18]" started-at="2024-02-16T07:21:04 IST" name="tc1" finished-at="2024-02-16T07:21:33 IST" duration-ms="28884" status="PASS">
          <reporter-output>
          </reporter-output>
        </test-method> <!-- tc1 -->
        <test-method is-config="true" signature="closeapp()[pri:0, instance:_Scripts.Testcase1@5e2c3d18]" started-at="2024-02-16T07:21:33 IST" name="closeapp" finished-at="2024-02-16T07:21:54 IST" duration-ms="21047" status="PASS">
          <reporter-output>
          </reporter-output>
        </test-method> <!-- closeapp -->
      </class> <!-- _Scripts.Testcase1 -->
    </test> <!-- Default test -->
  </suite> <!-- Default suite -->
</testng-results>
